<?xml version="1.0" encoding="UTF-8"?>
<testng-results ignored="0" total="1" passed="1" failed="0" skipped="0">
  <reporter-output>
  </reporter-output>
  <suite started-at="2025-02-21T15:55:23 IST" name="Default suite" finished-at="2025-02-21T15:58:27 IST" duration-ms="184109">
    <groups>
    </groups>
    <test started-at="2025-02-21T15:55:23 IST" name="Default test" finished-at="2025-02-21T15:58:27 IST" duration-ms="184109">
      <class name="com.metr.tests.ProjectTest">
        <test-method is-config="true" signature="preCondition()[pri:0, instance:com.metr.tests.ProjectTest@6cf0e0ba]" started-at="2025-02-21T15:55:23 IST" name="preCondition" finished-at="2025-02-21T15:55:53 IST" duration-ms="30448" status="PASS">
          <reporter-output>
          </reporter-output>
        </test-method> <!-- preCondition -->
        <test-method signature="projectValidation()[pri:0, instance:com.metr.tests.ProjectTest@6cf0e0ba]" started-at="2025-02-21T15:55:53 IST" name="projectValidation" finished-at="2025-02-21T15:57:24 IST" duration-ms="91127" status="PASS">
          <reporter-output>
          </reporter-output>
        </test-method> <!-- projectValidation -->
        <test-method is-config="true" signature="postCondition()[pri:0, instance:com.metr.tests.ProjectTest@6cf0e0ba]" started-at="2025-02-21T15:57:24 IST" name="postCondition" finished-at="2025-02-21T15:58:27 IST" duration-ms="62495" status="PASS">
          <reporter-output>
          </reporter-output>
        </test-method> <!-- postCondition -->
      </class> <!-- com.metr.tests.ProjectTest -->
    </test> <!-- Default test -->
  </suite> <!-- Default suite -->
</testng-results>
